[I 2025-05-08 22:01:22,782 minium minitest#432 _miniSetUp] =========Current case: test_login=========
[I 2025-05-08 22:01:22,782 minium minitest#435 _miniSetUp] package info: C:.PythonProject.SeatReservationAutoTest.seat_reservation_auto_test, case info: SeatReservationAutoTest.test_login
[I 2025-05-08 22:01:22,782 minium basenative#59 wrapper] call BaseNative.check_connection
[I 2025-05-08 22:01:22,782 minium basenative#63 wrapper] call BaseNative.check_connection end True
[I 2025-05-08 22:01:22,782 minium basenative#59 wrapper] call BaseNative.back_to_miniprogram
[I 2025-05-08 22:01:22,782 minium basenative#794 back_to_miniprogram] try back_to_miniprogram 3
[I 2025-05-08 22:01:22,782 minium basenative#63 wrapper] call BaseNative.back_to_miniprogram end 
[D 2025-05-08 22:01:22,782 minium.Conn8080 connection#427 _safely_send] SEND > [2681212918080]{"id":"7a42b6e4-5e6a-4a80-af97-cd769d321cc1","method":"App.callWxMethod","params":{"method":"getLaunchOptionsSync","args":[]}}
[D 2025-05-08 22:01:22,794 minium.Conn8080 connection#660 __on_message] RECV < [2681212918080]{"id":"7a42b6e4-5e6a-4a80-af97-cd769d321cc1","result":{"result":{"path":"pages/login/login","query":{},"scene":1001,"referrerInfo":{},"mode":"default","apiCategory":"default"}}}
[I 2025-05-08 22:01:22,797 minium.App2064 app#950 relaunch] ReLaunch: /pages/login/login
[D 2025-05-08 22:01:22,798 minium.Conn8080 connection#427 _safely_send] ASYNC_SEND > [2681212918080]{"id":"8181690b-6220-4c15-8ad4-1c86de7dfd75","method":"App.callWxMethod","params":{"method":"reLaunch","args":[{"url":"/pages/login/login"}]}}
[D 2025-05-08 22:01:22,798 minium.Conn8080 connection#660 __on_message] RECV < [2681212918080]{"method":"App.bindingCalled","params":{"name":"reLaunch_before_global","args":[{"url":"/pages/login/login"}]}}
[D 2025-05-08 22:01:24,304 minium.Conn8080 connection#660 __on_message] RECV < [2681212918080]{"method":"App.bindingCalled","params":{"name":"onAppRouteDone","args":[{"webviewId":2,"path":"pages/login/login","query":{},"openType":"reLaunch"},1746712884300]}}
[I 2025-05-08 22:01:24,309 minium.App2064 app#1226 _on_route_changed] Route changed, {'name': 'onAppRouteDone', 'args': [{'webviewId': 2, 'path': 'pages/login/login', 'query': {}, 'openType': 'reLaunch'}, 1746712884300]}
[D 2025-05-08 22:01:24,309 minium.Conn8080 connection#660 __on_message] RECV < [2681212918080]{"id":"8181690b-6220-4c15-8ad4-1c86de7dfd75","result":{"result":{"errMsg":"reLaunch:ok"}}}
[I 2025-05-08 22:01:24,309 minium.Conn8080 connection#704 _handle_async_msg] received async msg: 8181690b-6220-4c15-8ad4-1c86de7dfd75
[I 2025-05-08 22:01:24,314 minium minitest#897 capture] capture setup.png
[D 2025-05-08 22:01:24,314 minium.Conn8080 connection#427 _safely_send] SEND > [2681212918080]{"id":"2094fa6f-2da2-4469-a4cc-706db546554f","method":"App.captureScreenshot","params":{}}
[W 2025-05-08 22:02:24,329 minium.App2064 app#682 screen_shot] 截图指令响应失败, 可能因为开发者工具不在前台导致
[W 2025-05-08 22:02:24,329 minium minitest#929 capture] C:\PythonProject\SeatReservationAutoTest\outputs\20250508220105\test_login\20250508220122782424\images\setup.png not exists
[I 2025-05-08 22:02:24,329 minium minitest#487 _miniSetUp] =========case: test_login start=========
[I 2025-05-08 22:02:24,329 minium minitest#788 _callTestMethod] call test method
[I 2025-05-08 22:02:24,329 minium page#716 _get_elements_by_css] try to get elements: button
[D 2025-05-08 22:02:24,329 minium.Conn8080 connection#427 _safely_send] SEND > [2681212918080]{"id":"d4229b40-7887-4faf-baa8-b418be37b902","method":"Page.getElements","params":{"selector":"button","pageId":2}}
[D 2025-05-08 22:02:24,353 minium.Conn8080 connection#660 __on_message] RECV < [2681212918080]{"id":"d4229b40-7887-4faf-baa8-b418be37b902","result":{"elements":[{"elementId":"26180084-de7f-437e-ba98-1163c3d2d0b6","tagName":"button"}]}}
[I 2025-05-08 22:02:24,359 minium page#749 _get_elements_by_css] find elements success: [<minium.miniprogram.base_driver.element.BaseElement object at 0x0000027044C812E0>]
[D 2025-05-08 22:02:24,359 minium.Conn8080 connection#427 _safely_send] SEND > [2681212918080]{"id":"7085e23f-9e8a-4cbc-82bd-20bdf55ae212","method":"Element.getDOMProperties","params":{"names":["innerText"],"elementId":"26180084-de7f-437e-ba98-1163c3d2d0b6","pageId":2}}
[D 2025-05-08 22:02:24,367 minium.Conn8080 connection#660 __on_message] RECV < [2681212918080]{"id":"7085e23f-9e8a-4cbc-82bd-20bdf55ae212","result":{"properties":["立即登陆"]}}
[E 2025-05-08 22:02:24,368 minium minitest#793 _callTestMethod] test exception
Traceback (most recent call last):
  File "C:\anaconda3\envs\python38\lib\site-packages\minium\framework\minitest.py", line 789, in _callTestMethod
    method()
  File "C:\PythonProject\SeatReservationAutoTest\seat_reservation_auto_test.py", line 12, in test_login
    self.page.get_element("button", inner_text="立即登录").click()
  File "C:\anaconda3\envs\python38\lib\site-packages\minium\miniprogram\base_driver\app.py", line 291, in wrapper
    return func(*args, **kwargs)
  File "C:\anaconda3\envs\python38\lib\site-packages\minium\miniprogram\base_driver\minium_log.py", line 148, in wrapper
    result = func(*args, **kwargs)
  File "C:\anaconda3\envs\python38\lib\site-packages\minium\miniprogram\base_driver\page\page.py", line 375, in get_element
    raise MiniElementNotFoundError(_selector)
minium.framework.exception.MiniElementNotFoundError: element[button] not found
[I 2025-05-08 22:02:24,416 minium minitest#796 _callTestMethod] end test method
[D 2025-05-08 22:02:24,416 minium minitest#799 _miniTearDown] =========Current case Down: test_login=========
[I 2025-05-08 22:02:24,416 minium minitest#897 capture] capture teardown.png
[D 2025-05-08 22:02:24,416 minium.Conn8080 connection#427 _safely_send] SEND > [2681212918080]{"id":"9f898b8f-7d84-48c3-8ee9-53ae71ccb9ee","method":"App.captureScreenshot","params":{}}
[W 2025-05-08 22:02:26,424 minium.App2064 app#682 screen_shot] 截图指令响应失败, 可能因为开发者工具不在前台导致
[W 2025-05-08 22:02:26,424 minium minitest#929 capture] C:\PythonProject\SeatReservationAutoTest\outputs\20250508220105\test_login\20250508220122782424\images\teardown.png not exists
[I 2025-05-08 22:02:26,424 minium page#716 _get_elements_by_css] try to get elements: page
[D 2025-05-08 22:02:26,424 minium.Conn8080 connection#427 _safely_send] SEND > [2681212918080]{"id":"4c6ce092-9df3-4962-8546-ce47be0317a2","method":"Page.getElements","params":{"selector":"page","pageId":2}}
[D 2025-05-08 22:02:26,440 minium.Conn8080 connection#660 __on_message] RECV < [2681212918080]{"id":"4c6ce092-9df3-4962-8546-ce47be0317a2","result":{"elements":[{"elementId":"c734c994-db14-4844-ba87-11f89712ef1c","tagName":"body","nodeId":"bd6b3b7d"}]}}
[I 2025-05-08 22:02:26,441 minium page#749 _get_elements_by_css] find elements success: [<minium.miniprogram.base_driver.element.CustomElement object at 0x0000027044C81070>]
[D 2025-05-08 22:02:26,444 minium.Conn8080 connection#427 _safely_send] SEND > [2681212918080]{"id":"38e1d206-9e6c-42de-aefb-ce8e38500c65","method":"Element.getWXML","params":{"type":"inner","elementId":"c734c994-db14-4844-ba87-11f89712ef1c","pageId":2,"nodeId":"bd6b3b7d"}}
[D 2025-05-08 22:02:26,456 minium.Conn8080 connection#660 __on_message] RECV < [2681212918080]{"id":"38e1d206-9e6c-42de-aefb-ce8e38500c65","result":{"wxml":"<view class=\"container\"><image class=\"full-bg\" mode=\"aspectFill\" src=\"../../images/login-bg.jpg\" role=\"img\"></image><view class=\"bottom-mask\"></view><view class=\"nav-bar\"><text class=\"system-title\">座位预约系统</text></view><view class=\"welcome-container\"><text class=\"welcome-text\">欢迎进入</text><text class=\"system-name\">座位预约系统</text><view class=\"line\"></view></view><view class=\"login-area\"><view class=\"avatar-container\"><imag
[D 2025-05-08 22:02:26,464 minium page#244 pretty_wxml] pretty wxml error
[I 2025-05-08 22:02:26,479 minium basenative#59 wrapper] call BaseNative.get_start_up
[I 2025-05-08 22:02:26,479 minium basenative#63 wrapper] call BaseNative.get_start_up end 
[E 2025-05-08 22:02:26,495 minium utils#166 wrapper] catch error: 'gbk' codec can't decode byte 0xa6 in position 627: illegal multibyte sequence
[E 2025-05-08 22:02:26,495 minium assertbase#390 _get_stack_info] <bound method SeatReservationAutoTest.test_login of <seat_reservation_auto_test.SeatReservationAutoTest testMethod=test_login>>
Traceback (most recent call last):
  File "C:\anaconda3\envs\python38\lib\site-packages\minium\framework\libs\unittest\case.py", line 266, in testPartExecutor
    yield
  File "C:\anaconda3\envs\python38\lib\site-packages\minium\framework\libs\unittest\case.py", line 351, in run
    self._callTestMethod(testMethod)
  File "C:\anaconda3\envs\python38\lib\site-packages\minium\framework\minitest.py", line 789, in _callTestMethod
    method()
  File "C:\PythonProject\SeatReservationAutoTest\seat_reservation_auto_test.py", line 12, in test_login
    self.page.get_element("button", inner_text="立即登录").click()
  File "C:\anaconda3\envs\python38\lib\site-packages\minium\miniprogram\base_driver\app.py", line 291, in wrapper
    return func(*args, **kwargs)
  File "C:\anaconda3\envs\python38\lib\site-packages\minium\miniprogram\base_driver\minium_log.py", line 148, in wrapper
    result = func(*args, **kwargs)
  File "C:\anaconda3\envs\python38\lib\site-packages\minium\miniprogram\base_driver\page\page.py", line 375, in get_element
    raise MiniElementNotFoundError(_selector)
minium.framework.exception.MiniElementNotFoundError: element[button] not found
[W 2025-05-08 22:02:26,495 minium assertbase#354 _log_info_when_error] config: {'debug': False, 'base_dir': 'C:\\PythonProject\\SeatReservationAutoTest', 'platform': 'ide', 'app': 'wx', 'debug_mode': 'debug', 'close_ide': False, 'auto_capture': 'auto', 'check_mp_foreground': True, 'auto_relaunch': True, 'device_desire': {}, 'account_info': {}, 'report_usage': True, 'remote_connect_timeout': 180, 'request_timeout': 60, 'use_push': True, 'full_reset': False, 'outputs': 'C:\\PythonProject\\SeatReservationAutoTest\\outputs', 'enable_app_log': False, 'enable_network_panel': False, 'project_path': 'C:\\zhaotong\\SeatReservation', 'dev_tool_path': 'C:\\Program Files (x86)\\Tencent\\微信web开发者工具\\cli.bat', 'test_port': 9420, 'mock_native_modal': {}, 'mock_request': [], 'auto_authorize': False, 'audits': None, 'teardown_snapshot': False, 'mock_images_dir': '', 'mock_images': {}, 'need_perf': False, 'appid': None, 'enable_h5': True, 'autofix': False, 'framework_capture': True, 'error_capture': False, 'assert_capture': True, 'create_time': '20250508220105', 'case_output': 'C:\\PythonProject\\SeatReservationAutoTest\\outputs\\20250508220105\\test_login\\20250508220122782424'}
[W 2025-05-08 22:02:26,495 minium assertbase#355 _log_info_when_error] build info: {'version': '1.6.0', 'revision': '33ce5b50b34ec18c51c054a7cc1bdfb3ab0a451b', 'branch': 'master', 'update_at': '2024-10-09 21:08:56'}
[W 2025-05-08 22:02:26,495 minium minitest#1029 _log_info_when_error] mini: 基础库2.20.1, 开发者工具1.06.2412050
[W 2025-05-08 22:02:26,511 minium minitest#1031 _log_info_when_error] native: <minium.native.wx_native.idenative.IdeNative object at 0x0000027044BE59A0>
